<?xml version="1.0" encoding="UTF-8"?>
<testng-results skipped="0" failed="0" ignored="0" total="1" passed="1">
  <reporter-output>
  </reporter-output>
  <suite name="Default suite" duration-ms="34093" started-at="2019-01-17T10:45:36Z" finished-at="2019-01-17T10:46:10Z">
    <groups>
    </groups>
    <test name="Default test" duration-ms="34093" started-at="2019-01-17T10:45:36Z" finished-at="2019-01-17T10:46:10Z">
      <class name="com.training.sanity.tests.CategoryDeleteTest">
        <test-method status="PASS" signature="setUpBeforeClass()[pri:0, instance:com.training.sanity.tests.CategoryDeleteTest@6a41eaa2]" name="setUpBeforeClass" is-config="true" duration-ms="24" started-at="2019-01-17T10:45:36Z" finished-at="2019-01-17T10:45:36Z">
          <reporter-output>
          </reporter-output>
        </test-method> <!-- setUpBeforeClass -->
        <test-method status="PASS" signature="setUp()[pri:0, instance:com.training.sanity.tests.CategoryDeleteTest@6a41eaa2]" name="setUp" is-config="true" duration-ms="17198" started-at="2019-01-17T10:45:36Z" finished-at="2019-01-17T10:45:53Z">
          <reporter-output>
          </reporter-output>
        </test-method> <!-- setUp -->
        <test-method status="PASS" signature="deleteCategoryTest()[pri:0, instance:com.training.sanity.tests.CategoryDeleteTest@6a41eaa2]" name="deleteCategoryTest" duration-ms="14692" started-at="2019-01-17T10:45:53Z" finished-at="2019-01-17T10:46:08Z">
          <reporter-output>
          </reporter-output>
        </test-method> <!-- deleteCategoryTest -->
        <test-method status="PASS" signature="tearDown()[pri:0, instance:com.training.sanity.tests.CategoryDeleteTest@6a41eaa2]" name="tearDown" is-config="true" duration-ms="2143" started-at="2019-01-17T10:46:08Z" finished-at="2019-01-17T10:46:10Z">
          <reporter-output>
          </reporter-output>
        </test-method> <!-- tearDown -->
      </class> <!-- com.training.sanity.tests.CategoryDeleteTest -->
    </test> <!-- Default test -->
  </suite> <!-- Default suite -->
</testng-results>
